<?xml version="1.0" encoding="UTF-8"?>
<testsuite name="co.edu.iub.manaproject.ManaProjectApplicationTests" tests="1" skipped="0" failures="0" errors="0" timestamp="2026-07-20T20:36:24.450Z" hostname="DESKTOP-U8VJENS" time="20.968">
  <properties/>
  <testcase name="contextLoads()" classname="co.edu.iub.manaproject.ManaProjectApplicationTests" time="0.644"/>
  <system-out><![CDATA[15:36:24.861 [Test worker] INFO org.springframework.test.context.support.AnnotationConfigContextLoaderUtils -- Could not detect default configuration classes for test class [co.edu.iub.manaproject.ManaProjectApplicationTests]: ManaProjectApplicationTests does not declare any static, non-private, non-final, nested classes annotated with @Configuration.
15:36:25.141 [Test worker] INFO org.springframework.boot.test.context.SpringBootTestContextBootstrapper -- Found @SpringBootConfiguration co.edu.iub.manaproject.ManaProjectApplication for test class co.edu.iub.manaproject.ManaProjectApplicationTests
15:36:25.355 [Test worker] INFO org.springframework.test.context.support.AnnotationConfigContextLoaderUtils -- Could not detect default configuration classes for test class [co.edu.iub.manaproject.ManaProjectApplicationTests]: ManaProjectApplicationTests does not declare any static, non-private, non-final, nested classes annotated with @Configuration.
15:36:25.359 [Test worker] INFO org.springframework.boot.test.context.SpringBootTestContextBootstrapper -- Found @SpringBootConfiguration co.edu.iub.manaproject.ManaProjectApplication for test class co.edu.iub.manaproject.ManaProjectApplicationTests

  .   ____          _            __ _ _
 /\\ / ___'_ __ _ _(_)_ __  __ _ \ \ \ \
( ( )\___ | '_ | '_| | '_ \/ _` | \ \ \ \
 \\/  ___)| |_)| | | | | || (_| |  ) ) ) )
  '  |____| .__|_| |_|_| |_\__, | / / / /
 =========|_|==============|___/=/_/_/_/

 :: Spring Boot ::                (v4.1.0)

2026-07-20T15:36:26.151-05:00  INFO 13236 --- [ManaProject] [    Test worker] c.e.i.m.ManaProjectApplicationTests      : Starting ManaProjectApplicationTests using Java 21.0.11 with PID 13236 (started by rony in C:\Users\rony\Desktop\ManaProject)
2026-07-20T15:36:26.154-05:00  INFO 13236 --- [ManaProject] [    Test worker] c.e.i.m.ManaProjectApplicationTests      : No active profile set, falling back to 1 default profile: "default"
2026-07-20T15:36:29.575-05:00  INFO 13236 --- [ManaProject] [    Test worker] .s.d.r.c.RepositoryConfigurationDelegate : Bootstrapping Spring Data JPA repositories in DEFAULT mode.
2026-07-20T15:36:29.819-05:00  INFO 13236 --- [ManaProject] [    Test worker] .s.d.r.c.RepositoryConfigurationDelegate : Finished Spring Data repository scanning in 224 ms. Found 8 JPA repository interfaces.
2026-07-20T15:36:31.318-05:00  INFO 13236 --- [ManaProject] [    Test worker] org.hibernate.orm.jpa                    : HHH008540: Processing PersistenceUnitInfo [name: default]
2026-07-20T15:36:31.540-05:00  INFO 13236 --- [ManaProject] [    Test worker] org.hibernate.orm.core                   : HHH000001: Hibernate ORM core version 7.4.1.Final
2026-07-20T15:36:33.069-05:00  INFO 13236 --- [ManaProject] [    Test worker] o.s.o.j.p.SpringPersistenceUnitInfo      : No LoadTimeWeaver setup: ignoring JPA class transformer
2026-07-20T15:36:33.149-05:00  INFO 13236 --- [ManaProject] [    Test worker] com.zaxxer.hikari.HikariDataSource       : HikariPool-1 - Starting...
2026-07-20T15:36:34.706-05:00  INFO 13236 --- [ManaProject] [    Test worker] com.zaxxer.hikari.pool.HikariPool        : HikariPool-1 - Added connection org.postgresql.jdbc.PgConnection@5dd62f07
2026-07-20T15:36:34.709-05:00  INFO 13236 --- [ManaProject] [    Test worker] com.zaxxer.hikari.HikariDataSource       : HikariPool-1 - Start completed.
2026-07-20T15:36:35.220-05:00  INFO 13236 --- [ManaProject] [    Test worker] org.hibernate.orm.connections.pooling    : HHH10001005: Database info:
	Database JDBC URL [jdbc:postgresql://ep-dawn-lab-awxr9j78-pooler.c-12.us-east-1.aws.neon.tech/neondb?sslmode=require&channel_binding=require]
	Database driver: PostgreSQL JDBC Driver
	Database dialect: PostgreSQLDialect
	Database version: 18.4
	Default catalog/schema: neondb/public
	Autocommit mode: undefined/unknown
	Isolation level: READ_COMMITTED [default READ_COMMITTED]
	JDBC fetch size: none
	Pool: DataSourceConnectionProvider
	Minimum pool size: undefined/unknown
	Maximum pool size: undefined/unknown
2026-07-20T15:36:37.553-05:00  INFO 13236 --- [ManaProject] [    Test worker] org.hibernate.orm.core                   : HHH000489: No JTA platform available (set 'hibernate.transaction.jta.platform' to enable JTA platform integration)
Hibernate: 
    alter table if exists orders 
       add column payment_type varchar(20) check ((payment_type in ('EFECTIVO','TRANSFERENCIA')))
2026-07-20T15:36:38.259-05:00  INFO 13236 --- [ManaProject] [    Test worker] j.LocalContainerEntityManagerFactoryBean : Initialized JPA EntityManagerFactory for persistence unit 'default'
2026-07-20T15:36:38.534-05:00  INFO 13236 --- [ManaProject] [    Test worker] o.s.d.j.r.query.QueryEnhancerFactories   : Hibernate is in classpath; If applicable, HQL parser will be used.
2026-07-20T15:36:41.659-05:00  WARN 13236 --- [ManaProject] [    Test worker] .s.a.UserDetailsServiceAutoConfiguration : 

Using generated security password: be5e5976-cee2-4edc-bcfb-e724383ee8e9

This generated password is for development use only. Your security configuration must be updated before running your application in production.

2026-07-20T15:36:41.686-05:00  INFO 13236 --- [ManaProject] [    Test worker] r$InitializeUserDetailsManagerConfigurer : Global AuthenticationManager configured with UserDetailsService bean with name inMemoryUserDetailsManager
2026-07-20T15:36:43.708-05:00  INFO 13236 --- [ManaProject] [    Test worker] c.e.i.m.ManaProjectApplicationTests      : Started ManaProjectApplicationTests in 18.223 seconds (process running for 21.553)
Hibernate: 
    select
        u1_0.id 
    from
        users u1_0 
    where
        u1_0.email=? 
    fetch
        first ? rows only
2026-07-20T15:36:44.753-05:00  WARN 13236 --- [ManaProject] [    Test worker] o.s.core.events.SpringDocAppInitializer  : SpringDoc /v3/api-docs endpoint is enabled by default. To disable it in production, set the property 'springdoc.api-docs.enabled=false'
2026-07-20T15:36:44.753-05:00  WARN 13236 --- [ManaProject] [    Test worker] o.s.core.events.SpringDocAppInitializer  : SpringDoc /swagger-ui.html endpoint is enabled by default. To disable it in production, set the property 'springdoc.swagger-ui.enabled=false'
]]></system-out>
  <system-err><![CDATA[Mockito is currently self-attaching to enable the inline-mock-maker. This will no longer work in future releases of the JDK. Please add Mockito as an agent to your build as described in Mockito's documentation: https://javadoc.io/doc/org.mockito/mockito-core/latest/org.mockito/org/mockito/Mockito.html#0.3
WARNING: A Java agent has been loaded dynamically (C:\Users\rony\.gradle\caches\modules-2\files-2.1\net.bytebuddy\byte-buddy-agent\1.18.10\9426d28828bdcdf42666bb7a68c468279ea78f59\byte-buddy-agent-1.18.10.jar)
WARNING: If a serviceability tool is in use, please run with -XX:+EnableDynamicAgentLoading to hide this warning
WARNING: If a serviceability tool is not in use, please run with -Djdk.instrument.traceUsage for more information
WARNING: Dynamic loading of agents will be disallowed by default in a future release
]]></system-err>
</testsuite>
